18:46:56 **** Build of configuration Debug for project Project01_Turkey ****
make all 
Building file: ../system/src/stm32f1-stdperiph/misc.c
Invoking: Cross ARM GNU C Compiler
arm-none-eabi-gcc -mcpu=cortex-m3 -mthumb -Og -fmessage-length=0 -fsigned-char -ffunction-sections -fdata-sections -ffreestanding -fno-move-loop-invariants -Wall -Wextra  -g3 -DDEBUG -DUSE_FULL_ASSERT -DTRACE -DOS_USE_TRACE_SEMIHOSTING_DEBUG -DSTM32F10X_MD -DUSE_STDPERIPH_DRIVER -DHSE_VALUE=8000000 -I"../include" -I"../system/include" -I"../system/include/cmsis" -I"../system/include/stm32f1-stdperiph" -std=gnu11 -MMD -MP -MF"system/src/stm32f1-stdperiph/misc.d" -MT"system/src/stm32f1-stdperiph/misc.o" -c -o "system/src/stm32f1-stdperiph/misc.o" "../system/src/stm32f1-stdperiph/misc.c"
Finished building: ../system/src/stm32f1-stdperiph/misc.c
 
Building file: ../system/src/stm32f1-stdperiph/stm32f10x_gpio.c
Invoking: Cross ARM GNU C Compiler
arm-none-eabi-gcc -mcpu=cortex-m3 -mthumb -Og -fmessage-length=0 -fsigned-char -ffunction-sections -fdata-sections -ffreestanding -fno-move-loop-invariants -Wall -Wextra  -g3 -DDEBUG -DUSE_FULL_ASSERT -DTRACE -DOS_USE_TRACE_SEMIHOSTING_DEBUG -DSTM32F10X_MD -DUSE_STDPERIPH_DRIVER -DHSE_VALUE=8000000 -I"../include" -I"../system/include" -I"../system/include/cmsis" -I"../system/include/stm32f1-stdperiph" -std=gnu11 -MMD -MP -MF"system/src/stm32f1-stdperiph/stm32f10x_gpio.d" -MT"system/src/stm32f1-stdperiph/stm32f10x_gpio.o" -c -o "system/src/stm32f1-stdperiph/stm32f10x_gpio.o" "../system/src/stm32f1-stdperiph/stm32f10x_gpio.c"
Finished building: ../system/src/stm32f1-stdperiph/stm32f10x_gpio.c
 
Building file: ../system/src/stm32f1-stdperiph/stm32f10x_rcc.c
Invoking: Cross ARM GNU C Compiler
arm-none-eabi-gcc -mcpu=cortex-m3 -mthumb -Og -fmessage-length=0 -fsigned-char -ffunction-sections -fdata-sections -ffreestanding -fno-move-loop-invariants -Wall -Wextra  -g3 -DDEBUG -DUSE_FULL_ASSERT -DTRACE -DOS_USE_TRACE_SEMIHOSTING_DEBUG -DSTM32F10X_MD -DUSE_STDPERIPH_DRIVER -DHSE_VALUE=8000000 -I"../include" -I"../system/include" -I"../system/include/cmsis" -I"../system/include/stm32f1-stdperiph" -std=gnu11 -MMD -MP -MF"system/src/stm32f1-stdperiph/stm32f10x_rcc.d" -MT"system/src/stm32f1-stdperiph/stm32f10x_rcc.o" -c -o "system/src/stm32f1-stdperiph/stm32f10x_rcc.o" "../system/src/stm32f1-stdperiph/stm32f10x_rcc.c"
Finished building: ../system/src/stm32f1-stdperiph/stm32f10x_rcc.c
 
Building file: ../system/src/newlib/_cxx.cpp
Invoking: Cross ARM GNU C++ Compiler
arm-none-eabi-g++ -mcpu=cortex-m3 -mthumb -Og -fmessage-length=0 -fsigned-char -ffunction-sections -fdata-sections -ffreestanding -fno-move-loop-invariants -Wall -Wextra  -g3 -DDEBUG -DUSE_FULL_ASSERT -DTRACE -DOS_USE_TRACE_SEMIHOSTING_DEBUG -DSTM32F10X_MD -DUSE_STDPERIPH_DRIVER -DHSE_VALUE=8000000 -I"../include" -I"../system/include" -I"../system/include/cmsis" -I"../system/include/stm32f1-stdperiph" -std=gnu++11 -fabi-version=0 -fno-exceptions -fno-rtti -fno-use-cxa-atexit -fno-threadsafe-statics -MMD -MP -MF"system/src/newlib/_cxx.d" -MT"system/src/newlib/_cxx.o" -c -o "system/src/newlib/_cxx.o" "../system/src/newlib/_cxx.cpp"
Finished building: ../system/src/newlib/_cxx.cpp
 
Building file: ../system/src/newlib/_exit.c
Invoking: Cross ARM GNU C Compiler
arm-none-eabi-gcc -mcpu=cortex-m3 -mthumb -Og -fmessage-length=0 -fsigned-char -ffunction-sections -fdata-sections -ffreestanding -fno-move-loop-invariants -Wall -Wextra  -g3 -DDEBUG -DUSE_FULL_ASSERT -DTRACE -DOS_USE_TRACE_SEMIHOSTING_DEBUG -DSTM32F10X_MD -DUSE_STDPERIPH_DRIVER -DHSE_VALUE=8000000 -I"../include" -I"../system/include" -I"../system/include/cmsis" -I"../system/include/stm32f1-stdperiph" -std=gnu11 -MMD -MP -MF"system/src/newlib/_exit.d" -MT"system/src/newlib/_exit.o" -c -o "system/src/newlib/_exit.o" "../system/src/newlib/_exit.c"
Finished building: ../system/src/newlib/_exit.c
 
Building file: ../system/src/newlib/_sbrk.c
Invoking: Cross ARM GNU C Compiler
arm-none-eabi-gcc -mcpu=cortex-m3 -mthumb -Og -fmessage-length=0 -fsigned-char -ffunction-sections -fdata-sections -ffreestanding -fno-move-loop-invariants -Wall -Wextra  -g3 -DDEBUG -DUSE_FULL_ASSERT -DTRACE -DOS_USE_TRACE_SEMIHOSTING_DEBUG -DSTM32F10X_MD -DUSE_STDPERIPH_DRIVER -DHSE_VALUE=8000000 -I"../include" -I"../system/include" -I"../system/include/cmsis" -I"../system/include/stm32f1-stdperiph" -std=gnu11 -MMD -MP -MF"system/src/newlib/_sbrk.d" -MT"system/src/newlib/_sbrk.o" -c -o "system/src/newlib/_sbrk.o" "../system/src/newlib/_sbrk.c"
Finished building: ../system/src/newlib/_sbrk.c
 
Building file: ../system/src/newlib/_startup.c
Invoking: Cross ARM GNU C Compiler
arm-none-eabi-gcc -mcpu=cortex-m3 -mthumb -Og -fmessage-length=0 -fsigned-char -ffunction-sections -fdata-sections -ffreestanding -fno-move-loop-invariants -Wall -Wextra  -g3 -DDEBUG -DUSE_FULL_ASSERT -DTRACE -DOS_USE_TRACE_SEMIHOSTING_DEBUG -DSTM32F10X_MD -DUSE_STDPERIPH_DRIVER -DHSE_VALUE=8000000 -I"../include" -I"../system/include" -I"../system/include/cmsis" -I"../system/include/stm32f1-stdperiph" -std=gnu11 -MMD -MP -MF"system/src/newlib/_startup.d" -MT"system/src/newlib/_startup.o" -c -o "system/src/newlib/_startup.o" "../system/src/newlib/_startup.c"
Finished building: ../system/src/newlib/_startup.c
 
Building file: ../system/src/newlib/_syscalls.c
Invoking: Cross ARM GNU C Compiler
arm-none-eabi-gcc -mcpu=cortex-m3 -mthumb -Og -fmessage-length=0 -fsigned-char -ffunction-sections -fdata-sections -ffreestanding -fno-move-loop-invariants -Wall -Wextra  -g3 -DDEBUG -DUSE_FULL_ASSERT -DTRACE -DOS_USE_TRACE_SEMIHOSTING_DEBUG -DSTM32F10X_MD -DUSE_STDPERIPH_DRIVER -DHSE_VALUE=8000000 -I"../include" -I"../system/include" -I"../system/include/cmsis" -I"../system/include/stm32f1-stdperiph" -std=gnu11 -MMD -MP -MF"system/src/newlib/_syscalls.d" -MT"system/src/newlib/_syscalls.o" -c -o "system/src/newlib/_syscalls.o" "../system/src/newlib/_syscalls.c"
Finished building: ../system/src/newlib/_syscalls.c
 
Building file: ../system/src/newlib/assert.c
Invoking: Cross ARM GNU C Compiler
arm-none-eabi-gcc -mcpu=cortex-m3 -mthumb -Og -fmessage-length=0 -fsigned-char -ffunction-sections -fdata-sections -ffreestanding -fno-move-loop-invariants -Wall -Wextra  -g3 -DDEBUG -DUSE_FULL_ASSERT -DTRACE -DOS_USE_TRACE_SEMIHOSTING_DEBUG -DSTM32F10X_MD -DUSE_STDPERIPH_DRIVER -DHSE_VALUE=8000000 -I"../include" -I"../system/include" -I"../system/include/cmsis" -I"../system/include/stm32f1-stdperiph" -std=gnu11 -MMD -MP -MF"system/src/newlib/assert.d" -MT"system/src/newlib/assert.o" -c -o "system/src/newlib/assert.o" "../system/src/newlib/assert.c"
Finished building: ../system/src/newlib/assert.c
 
Building file: ../system/src/diag/Trace.c
Invoking: Cross ARM GNU C Compiler
arm-none-eabi-gcc -mcpu=cortex-m3 -mthumb -Og -fmessage-length=0 -fsigned-char -ffunction-sections -fdata-sections -ffreestanding -fno-move-loop-invariants -Wall -Wextra  -g3 -DDEBUG -DUSE_FULL_ASSERT -DTRACE -DOS_USE_TRACE_SEMIHOSTING_DEBUG -DSTM32F10X_MD -DUSE_STDPERIPH_DRIVER -DHSE_VALUE=8000000 -I"../include" -I"../system/include" -I"../system/include/cmsis" -I"../system/include/stm32f1-stdperiph" -std=gnu11 -MMD -MP -MF"system/src/diag/Trace.d" -MT"system/src/diag/Trace.o" -c -o "system/src/diag/Trace.o" "../system/src/diag/Trace.c"
Finished building: ../system/src/diag/Trace.c
 
Building file: ../system/src/diag/trace_impl.c
Invoking: Cross ARM GNU C Compiler
arm-none-eabi-gcc -mcpu=cortex-m3 -mthumb -Og -fmessage-length=0 -fsigned-char -ffunction-sections -fdata-sections -ffreestanding -fno-move-loop-invariants -Wall -Wextra  -g3 -DDEBUG -DUSE_FULL_ASSERT -DTRACE -DOS_USE_TRACE_SEMIHOSTING_DEBUG -DSTM32F10X_MD -DUSE_STDPERIPH_DRIVER -DHSE_VALUE=8000000 -I"../include" -I"../system/include" -I"../system/include/cmsis" -I"../system/include/stm32f1-stdperiph" -std=gnu11 -MMD -MP -MF"system/src/diag/trace_impl.d" -MT"system/src/diag/trace_impl.o" -c -o "system/src/diag/trace_impl.o" "../system/src/diag/trace_impl.c"
Finished building: ../system/src/diag/trace_impl.c
 
Building file: ../system/src/cortexm/_initialize_hardware.c
Invoking: Cross ARM GNU C Compiler
arm-none-eabi-gcc -mcpu=cortex-m3 -mthumb -Og -fmessage-length=0 -fsigned-char -ffunction-sections -fdata-sections -ffreestanding -fno-move-loop-invariants -Wall -Wextra  -g3 -DDEBUG -DUSE_FULL_ASSERT -DTRACE -DOS_USE_TRACE_SEMIHOSTING_DEBUG -DSTM32F10X_MD -DUSE_STDPERIPH_DRIVER -DHSE_VALUE=8000000 -I"../include" -I"../system/include" -I"../system/include/cmsis" -I"../system/include/stm32f1-stdperiph" -std=gnu11 -MMD -MP -MF"system/src/cortexm/_initialize_hardware.d" -MT"system/src/cortexm/_initialize_hardware.o" -c -o "system/src/cortexm/_initialize_hardware.o" "../system/src/cortexm/_initialize_hardware.c"
Finished building: ../system/src/cortexm/_initialize_hardware.c
 
Building file: ../system/src/cortexm/_reset_hardware.c
Invoking: Cross ARM GNU C Compiler
arm-none-eabi-gcc -mcpu=cortex-m3 -mthumb -Og -fmessage-length=0 -fsigned-char -ffunction-sections -fdata-sections -ffreestanding -fno-move-loop-invariants -Wall -Wextra  -g3 -DDEBUG -DUSE_FULL_ASSERT -DTRACE -DOS_USE_TRACE_SEMIHOSTING_DEBUG -DSTM32F10X_MD -DUSE_STDPERIPH_DRIVER -DHSE_VALUE=8000000 -I"../include" -I"../system/include" -I"../system/include/cmsis" -I"../system/include/stm32f1-stdperiph" -std=gnu11 -MMD -MP -MF"system/src/cortexm/_reset_hardware.d" -MT"system/src/cortexm/_reset_hardware.o" -c -o "system/src/cortexm/_reset_hardware.o" "../system/src/cortexm/_reset_hardware.c"
Finished building: ../system/src/cortexm/_reset_hardware.c
 
Building file: ../system/src/cortexm/exception_handlers.c
Invoking: Cross ARM GNU C Compiler
arm-none-eabi-gcc -mcpu=cortex-m3 -mthumb -Og -fmessage-length=0 -fsigned-char -ffunction-sections -fdata-sections -ffreestanding -fno-move-loop-invariants -Wall -Wextra  -g3 -DDEBUG -DUSE_FULL_ASSERT -DTRACE -DOS_USE_TRACE_SEMIHOSTING_DEBUG -DSTM32F10X_MD -DUSE_STDPERIPH_DRIVER -DHSE_VALUE=8000000 -I"../include" -I"../system/include" -I"../system/include/cmsis" -I"../system/include/stm32f1-stdperiph" -std=gnu11 -MMD -MP -MF"system/src/cortexm/exception_handlers.d" -MT"system/src/cortexm/exception_handlers.o" -c -o "system/src/cortexm/exception_handlers.o" "../system/src/cortexm/exception_handlers.c"
Finished building: ../system/src/cortexm/exception_handlers.c
 
Building file: ../system/src/cmsis/system_stm32f10x.c
Invoking: Cross ARM GNU C Compiler
arm-none-eabi-gcc -mcpu=cortex-m3 -mthumb -Og -fmessage-length=0 -fsigned-char -ffunction-sections -fdata-sections -ffreestanding -fno-move-loop-invariants -Wall -Wextra  -g3 -DDEBUG -DUSE_FULL_ASSERT -DTRACE -DOS_USE_TRACE_SEMIHOSTING_DEBUG -DSTM32F10X_MD -DUSE_STDPERIPH_DRIVER -DHSE_VALUE=8000000 -I"../include" -I"../system/include" -I"../system/include/cmsis" -I"../system/include/stm32f1-stdperiph" -std=gnu11 -MMD -MP -MF"system/src/cmsis/system_stm32f10x.d" -MT"system/src/cmsis/system_stm32f10x.o" -c -o "system/src/cmsis/system_stm32f10x.o" "../system/src/cmsis/system_stm32f10x.c"
Finished building: ../system/src/cmsis/system_stm32f10x.c
 
Building file: ../system/src/cmsis/vectors_stm32f10x.c
Invoking: Cross ARM GNU C Compiler
arm-none-eabi-gcc -mcpu=cortex-m3 -mthumb -Og -fmessage-length=0 -fsigned-char -ffunction-sections -fdata-sections -ffreestanding -fno-move-loop-invariants -Wall -Wextra  -g3 -DDEBUG -DUSE_FULL_ASSERT -DTRACE -DOS_USE_TRACE_SEMIHOSTING_DEBUG -DSTM32F10X_MD -DUSE_STDPERIPH_DRIVER -DHSE_VALUE=8000000 -I"../include" -I"../system/include" -I"../system/include/cmsis" -I"../system/include/stm32f1-stdperiph" -std=gnu11 -MMD -MP -MF"system/src/cmsis/vectors_stm32f10x.d" -MT"system/src/cmsis/vectors_stm32f10x.o" -c -o "system/src/cmsis/vectors_stm32f10x.o" "../system/src/cmsis/vectors_stm32f10x.c"
Finished building: ../system/src/cmsis/vectors_stm32f10x.c
 
Building file: ../src/GPIO.c
Invoking: Cross ARM GNU C Compiler
arm-none-eabi-gcc -mcpu=cortex-m3 -mthumb -Og -fmessage-length=0 -fsigned-char -ffunction-sections -fdata-sections -ffreestanding -fno-move-loop-invariants -Wall -Wextra  -g3 -DDEBUG -DUSE_FULL_ASSERT -DTRACE -DOS_USE_TRACE_SEMIHOSTING_DEBUG -DSTM32F10X_MD -DUSE_STDPERIPH_DRIVER -DHSE_VALUE=8000000 -I"../include" -I"../system/include" -I"../system/include/cmsis" -I"../system/include/stm32f1-stdperiph" -std=gnu11 -MMD -MP -MF"src/GPIO.d" -MT"src/GPIO.o" -c -o "src/GPIO.o" "../src/GPIO.c"
Finished building: ../src/GPIO.c
 
Building file: ../src/HCLCD.c
Invoking: Cross ARM GNU C Compiler
arm-none-eabi-gcc -mcpu=cortex-m3 -mthumb -Og -fmessage-length=0 -fsigned-char -ffunction-sections -fdata-sections -ffreestanding -fno-move-loop-invariants -Wall -Wextra  -g3 -DDEBUG -DUSE_FULL_ASSERT -DTRACE -DOS_USE_TRACE_SEMIHOSTING_DEBUG -DSTM32F10X_MD -DUSE_STDPERIPH_DRIVER -DHSE_VALUE=8000000 -I"../include" -I"../system/include" -I"../system/include/cmsis" -I"../system/include/stm32f1-stdperiph" -std=gnu11 -MMD -MP -MF"src/HCLCD.d" -MT"src/HCLCD.o" -c -o "src/HCLCD.o" "../src/HCLCD.c"
Finished building: ../src/HCLCD.c
 
Building file: ../src/HLED.c
Invoking: Cross ARM GNU C Compiler
arm-none-eabi-gcc -mcpu=cortex-m3 -mthumb -Og -fmessage-length=0 -fsigned-char -ffunction-sections -fdata-sections -ffreestanding -fno-move-loop-invariants -Wall -Wextra  -g3 -DDEBUG -DUSE_FULL_ASSERT -DTRACE -DOS_USE_TRACE_SEMIHOSTING_DEBUG -DSTM32F10X_MD -DUSE_STDPERIPH_DRIVER -DHSE_VALUE=8000000 -I"../include" -I"../system/include" -I"../system/include/cmsis" -I"../system/include/stm32f1-stdperiph" -std=gnu11 -MMD -MP -MF"src/HLED.d" -MT"src/HLED.o" -c -o "src/HLED.o" "../src/HLED.c"
../src/HLED.c: In function 'HLED_SetLedOn':
../src/HLED.c:20:28: warning: unused parameter 'LED_Num' [-Wunused-parameter]
 void HLED_SetLedOn  ( u8   LED_Num )
                            ^~~~~~~
../src/HLED.c: In function 'HLED_SetLedOFF':
../src/HLED.c:24:27: warning: unused parameter 'LED_Num' [-Wunused-parameter]
 void HLED_SetLedOFF ( u8  LED_Num )
                           ^~~~~~~
Finished building: ../src/HLED.c
 
Building file: ../src/HSwitch_program.c
Invoking: Cross ARM GNU C Compiler
arm-none-eabi-gcc -mcpu=cortex-m3 -mthumb -Og -fmessage-length=0 -fsigned-char -ffunction-sections -fdata-sections -ffreestanding -fno-move-loop-invariants -Wall -Wextra  -g3 -DDEBUG -DUSE_FULL_ASSERT -DTRACE -DOS_USE_TRACE_SEMIHOSTING_DEBUG -DSTM32F10X_MD -DUSE_STDPERIPH_DRIVER -DHSE_VALUE=8000000 -I"../include" -I"../system/include" -I"../system/include/cmsis" -I"../system/include/stm32f1-stdperiph" -std=gnu11 -MMD -MP -MF"src/HSwitch_program.d" -MT"src/HSwitch_program.o" -c -o "src/HSwitch_program.o" "../src/HSwitch_program.c"
Finished building: ../src/HSwitch_program.c
 
Building file: ../src/RCC_program.c
Invoking: Cross ARM GNU C Compiler
arm-none-eabi-gcc -mcpu=cortex-m3 -mthumb -Og -fmessage-length=0 -fsigned-char -ffunction-sections -fdata-sections -ffreestanding -fno-move-loop-invariants -Wall -Wextra  -g3 -DDEBUG -DUSE_FULL_ASSERT -DTRACE -DOS_USE_TRACE_SEMIHOSTING_DEBUG -DSTM32F10X_MD -DUSE_STDPERIPH_DRIVER -DHSE_VALUE=8000000 -I"../include" -I"../system/include" -I"../system/include/cmsis" -I"../system/include/stm32f1-stdperiph" -std=gnu11 -MMD -MP -MF"src/RCC_program.d" -MT"src/RCC_program.o" -c -o "src/RCC_program.o" "../src/RCC_program.c"
../src/RCC_program.c:2:10: fatal error: BIT_MATH.h: No such file or directory
 #include "BIT_MATH.h"
          ^~~~~~~~~~~~
compilation terminated.
make: *** [src/subdir.mk:44: src/RCC_program.o] Error 1

18:47:03 Build Finished (took 7s.292ms)

